<?xml version="1.0" encoding="UTF-8"?>
<testng-results ignored="0" total="1" passed="1" failed="0" skipped="0">
  <reporter-output>
  </reporter-output>
  <suite started-at="2022-06-24T12:09:07 IST" name="Default suite" finished-at="2022-06-24T12:09:19 IST" duration-ms="12919">
    <groups>
    </groups>
    <test started-at="2022-06-24T12:09:07 IST" name="Default test" finished-at="2022-06-24T12:09:19 IST" duration-ms="12919">
      <class name="Suresh.popUp">
        <test-method signature="HandlingpouUP()[pri:0, instance:Suresh.popUp@6e0f5f7f]" started-at="2022-06-24T12:09:07 IST" name="HandlingpouUP" finished-at="2022-06-24T12:09:19 IST" duration-ms="12867" status="PASS">
          <reporter-output>
          </reporter-output>
        </test-method> <!-- HandlingpouUP -->
      </class> <!-- Suresh.popUp -->
    </test> <!-- Default test -->
  </suite> <!-- Default suite -->
</testng-results>
